# JRE version: Java(TM) SE Runtime Environment (8.0_92-b14) (build 1.8.0_92-b14)
# Java VM: Java HotSpot(TM) 64-Bit Server VM (25.92-b14 mixed mode windows-amd64 compressed oops)
Heap:
 PSYoungGen      total 230400K, used 164928K [0x00000000d6700000, 0x00000000ead80000, 0x0000000100000000)
  eden space 217088K, 75% used [0x00000000d6700000,0x00000000e08102f0,0x00000000e3b00000)
  from space 13312K, 0% used [0x00000000e3b00000,0x00000000e3b00000,0x00000000e4800000)
  to   space 16384K, 0% used [0x00000000e9d80000,0x00000000e9d80000,0x00000000ead80000)
 ParOldGen       total 88576K, used 22952K [0x0000000083400000, 0x0000000088a80000, 0x00000000d6700000)
  object space 88576K, 25% used [0x0000000083400000,0x0000000084a6a108,0x0000000088a80000)
 Metaspace       used 41905K, capacity 42430K, committed 42624K, reserved 1087488K
  class space    used 5093K, capacity 5215K, committed 5248K, reserved 1048576K
GC Heap History (10 events):
Event: 1.404 GC heap before
{Heap before GC invocations=7 (full 1):
 PSYoungGen      total 139776K, used 5542K [0x00000000d6700000, 0x00000000df800000, 0x0000000100000000)
  eden space 131072K, 0% used [0x00000000d6700000,0x00000000d6700000,0x00000000de700000)
  from space 8704K, 63% used [0x00000000def80000,0x00000000df4e9b60,0x00000000df800000)
  to   space 8704K, 0% used [0x00000000de700000,0x00000000de700000,0x00000000def80000)
 ParOldGen       total 86016K, used 3992K [0x0000000083400000, 0x0000000088800000, 0x00000000d6700000)
  object space 86016K, 4% used [0x0000000083400000,0x00000000837e61f0,0x0000000088800000)
 Metaspace       used 20962K, capacity 21164K, committed 21296K, reserved 1069056K
  class space    used 2550K, capacity 2630K, committed 2688K, reserved 1048576K
Event: 1.420 GC heap after
Heap after GC invocations=7 (full 1):
 PSYoungGen      total 139776K, used 0K [0x00000000d6700000, 0x00000000df800000, 0x0000000100000000)
  eden space 131072K, 0% used [0x00000000d6700000,0x00000000d6700000,0x00000000de700000)
  from space 8704K, 0% used [0x00000000def80000,0x00000000def80000,0x00000000df800000)
  to   space 8704K, 0% used [0x00000000de700000,0x00000000de700000,0x00000000def80000)
 ParOldGen       total 50688K, used 5827K [0x0000000083400000, 0x0000000086580000, 0x00000000d6700000)
  object space 50688K, 11% used [0x0000000083400000,0x00000000839b0ef8,0x0000000086580000)
 Metaspace       used 20962K, capacity 21164K, committed 21296K, reserved 1069056K
  class space    used 2550K, capacity 2630K, committed 2688K, reserved 1048576K
}
Event: 2.164 GC heap before
{Heap before GC invocations=8 (full 1):
 PSYoungGen      total 139776K, used 131072K [0x00000000d6700000, 0x00000000df800000, 0x0000000100000000)
  eden space 131072K, 100% used [0x00000000d6700000,0x00000000de700000,0x00000000de700000)
  from space 8704K, 0% used [0x00000000def80000,0x00000000def80000,0x00000000df800000)
  to   space 8704K, 0% used [0x00000000de700000,0x00000000de700000,0x00000000def80000)
 ParOldGen       total 50688K, used 5827K [0x0000000083400000, 0x0000000086580000, 0x00000000d6700000)
  object space 50688K, 11% used [0x0000000083400000,0x00000000839b0ef8,0x0000000086580000)
 Metaspace       used 26414K, capacity 26806K, committed 27008K, reserved 1073152K
  class space    used 3244K, capacity 3367K, committed 3456K, reserved 1048576K
Event: 2.174 GC heap after
Heap after GC invocations=8 (full 1):
 PSYoungGen      total 139776K, used 8142K [0x00000000d6700000, 0x00000000e5300000, 0x0000000100000000)
  eden space 131072K, 0% used [0x00000000d6700000,0x00000000d6700000,0x00000000de700000)
  from space 8704K, 93% used [0x00000000de700000,0x00000000deef3b00,0x00000000def80000)
  to   space 9728K, 0% used [0x00000000e4980000,0x00000000e4980000,0x00000000e5300000)
 ParOldGen       total 50688K, used 5835K [0x0000000083400000, 0x0000000086580000, 0x00000000d6700000)
  object space 50688K, 11% used [0x0000000083400000,0x00000000839b2ef8,0x0000000086580000)
 Metaspace       used 26414K, capacity 26806K, committed 27008K, reserved 1073152K
  class space    used 3244K, capacity 3367K, committed 3456K, reserved 1048576K
}
Event: 3.845 GC heap before
{Heap before GC invocations=9 (full 1):
 PSYoungGen      total 139776K, used 139214K [0x00000000d6700000, 0x00000000e5300000, 0x0000000100000000)
  eden space 131072K, 100% used [0x00000000d6700000,0x00000000de700000,0x00000000de700000)
  from space 8704K, 93% used [0x00000000de700000,0x00000000deef3b00,0x00000000def80000)
  to   space 9728K, 0% used [0x00000000e4980000,0x00000000e4980000,0x00000000e5300000)
 ParOldGen       total 50688K, used 5835K [0x0000000083400000, 0x0000000086580000, 0x00000000d6700000)
  object space 50688K, 11% used [0x0000000083400000,0x00000000839b2ef8,0x0000000086580000)
 Metaspace       used 31931K, capacity 32274K, committed 32512K, reserved 1077248K
  class space    used 3936K, capacity 4049K, committed 4096K, reserved 1048576K
Event: 3.860 GC heap after
Heap after GC invocations=9 (full 1):
 PSYoungGen      total 226816K, used 9725K [0x00000000d6700000, 0x00000000e5500000, 0x0000000100000000)
  eden space 217088K, 0% used [0x00000000d6700000,0x00000000d6700000,0x00000000e3b00000)
  from space 9728K, 99% used [0x00000000e4980000,0x00000000e52ff470,0x00000000e5300000)
  to   space 13312K, 0% used [0x00000000e3b00000,0x00000000e3b00000,0x00000000e4800000)
 ParOldGen       total 50688K, used 11335K [0x0000000083400000, 0x0000000086580000, 0x00000000d6700000)
  object space 50688K, 22% used [0x0000000083400000,0x0000000083f11f28,0x0000000086580000)
 Metaspace       used 31931K, capacity 32274K, committed 32512K, reserved 1077248K
  class space    used 3936K, capacity 4049K, committed 4096K, reserved 1048576K
}
Event: 4.653 GC heap before
{Heap before GC invocations=10 (full 1):
 PSYoungGen      total 226816K, used 143873K [0x00000000d6700000, 0x00000000e5500000, 0x0000000100000000)
  eden space 217088K, 61% used [0x00000000d6700000,0x00000000dea010c8,0x00000000e3b00000)
  from space 9728K, 99% used [0x00000000e4980000,0x00000000e52ff470,0x00000000e5300000)
  to   space 13312K, 0% used [0x00000000e3b00000,0x00000000e3b00000,0x00000000e4800000)
 ParOldGen       total 50688K, used 11335K [0x0000000083400000, 0x0000000086580000, 0x00000000d6700000)
  object space 50688K, 22% used [0x0000000083400000,0x0000000083f11f28,0x0000000086580000)
 Metaspace       used 34960K, capacity 35330K, committed 35456K, reserved 1081344K
  class space    used 4360K, capacity 4441K, committed 4480K, reserved 1048576K
Event: 4.668 GC heap after
Heap after GC invocations=10 (full 1):
 PSYoungGen      total 230400K, used 13309K [0x00000000d6700000, 0x00000000ead80000, 0x0000000100000000)
  eden space 217088K, 0% used [0x00000000d6700000,0x00000000d6700000,0x00000000e3b00000)
  from space 13312K, 99% used [0x00000000e3b00000,0x00000000e47ff470,0x00000000e4800000)
  to   space 16384K, 0% used [0x00000000e9d80000,0x00000000e9d80000,0x00000000ead80000)
 ParOldGen       total 50688K, used 14239K [0x0000000083400000, 0x0000000086580000, 0x00000000d6700000)
  object space 50688K, 28% used [0x0000000083400000,0x00000000841e7f68,0x0000000086580000)
 Metaspace       used 34960K, capacity 35330K, committed 35456K, reserved 1081344K
  class space    used 4360K, capacity 4441K, committed 4480K, reserved 1048576K
}
Event: 4.668 GC heap before
{Heap before GC invocations=11 (full 2):
 PSYoungGen      total 230400K, used 13309K [0x00000000d6700000, 0x00000000ead80000, 0x0000000100000000)
  eden space 217088K, 0% used [0x00000000d6700000,0x00000000d6700000,0x00000000e3b00000)
  from space 13312K, 99% used [0x00000000e3b00000,0x00000000e47ff470,0x00000000e4800000)
  to   space 16384K, 0% used [0x00000000e9d80000,0x00000000e9d80000,0x00000000ead80000)
 ParOldGen       total 50688K, used 14239K [0x0000000083400000, 0x0000000086580000, 0x00000000d6700000)
  object space 50688K, 28% used [0x0000000083400000,0x00000000841e7f68,0x0000000086580000)
 Metaspace       used 34960K, capacity 35330K, committed 35456K, reserved 1081344K
  class space    used 4360K, capacity 4441K, committed 4480K, reserved 1048576K
Event: 4.739 GC heap after
Heap after GC invocations=11 (full 2):
 PSYoungGen      total 230400K, used 0K [0x00000000d6700000, 0x00000000ead80000, 0x0000000100000000)
  eden space 217088K, 0% used [0x00000000d6700000,0x00000000d6700000,0x00000000e3b00000)
  from space 13312K, 0% used [0x00000000e3b00000,0x00000000e3b00000,0x00000000e4800000)
  to   space 16384K, 0% used [0x00000000e9d80000,0x00000000e9d80000,0x00000000ead80000)
 ParOldGen       total 88576K, used 22952K [0x0000000083400000, 0x0000000088a80000, 0x00000000d6700000)
  object space 88576K, 25% used [0x0000000083400000,0x0000000084a6a108,0x0000000088a80000)
 Metaspace       used 34960K, capacity 35330K, committed 35456K, reserved 1081344K
  class space    used 4360K, capacity 4441K, committed 4480K, reserved 1048576K
}

