# JRE version: Java(TM) SE Runtime Environment (8.0_92-b14) (build 1.8.0_92-b14)
# Java VM: Java HotSpot(TM) 64-Bit Server VM (25.92-b14 mixed mode windows-amd64 compressed oops)
Heap:
 PSYoungGen      total 227328K, used 159480K [0x00000000d6700000, 0x00000000ea380000, 0x0000000100000000)
  eden space 214016K, 74% used [0x00000000d6700000,0x00000000e02be128,0x00000000e3800000)
  from space 13312K, 0% used [0x00000000e3800000,0x00000000e3800000,0x00000000e4500000)
  to   space 16384K, 0% used [0x00000000e9380000,0x00000000e9380000,0x00000000ea380000)
 ParOldGen       total 91136K, used 22999K [0x0000000083400000, 0x0000000088d00000, 0x00000000d6700000)
  object space 91136K, 25% used [0x0000000083400000,0x0000000084a75e18,0x0000000088d00000)
 Metaspace       used 41724K, capacity 42222K, committed 42368K, reserved 1087488K
  class space    used 5090K, capacity 5213K, committed 5248K, reserved 1048576K
GC Heap History (10 events):
Event: 1.311 GC heap before
{Heap before GC invocations=7 (full 1):
 PSYoungGen      total 139776K, used 5928K [0x00000000d6700000, 0x00000000df800000, 0x0000000100000000)
  eden space 131072K, 0% used [0x00000000d6700000,0x00000000d6700000,0x00000000de700000)
  from space 8704K, 68% used [0x00000000def80000,0x00000000df54a210,0x00000000df800000)
  to   space 8704K, 0% used [0x00000000de700000,0x00000000de700000,0x00000000def80000)
 ParOldGen       total 86016K, used 3612K [0x0000000083400000, 0x0000000088800000, 0x00000000d6700000)
  object space 86016K, 4% used [0x0000000083400000,0x0000000083787100,0x0000000088800000)
 Metaspace       used 20948K, capacity 21132K, committed 21296K, reserved 1069056K
  class space    used 2554K, capacity 2598K, committed 2688K, reserved 1048576K
Event: 1.329 GC heap after
Heap after GC invocations=7 (full 1):
 PSYoungGen      total 139776K, used 0K [0x00000000d6700000, 0x00000000df800000, 0x0000000100000000)
  eden space 131072K, 0% used [0x00000000d6700000,0x00000000d6700000,0x00000000de700000)
  from space 8704K, 0% used [0x00000000def80000,0x00000000def80000,0x00000000df800000)
  to   space 8704K, 0% used [0x00000000de700000,0x00000000de700000,0x00000000def80000)
 ParOldGen       total 51200K, used 6179K [0x0000000083400000, 0x0000000086600000, 0x00000000d6700000)
  object space 51200K, 12% used [0x0000000083400000,0x0000000083a08d50,0x0000000086600000)
 Metaspace       used 20948K, capacity 21132K, committed 21296K, reserved 1069056K
  class space    used 2554K, capacity 2598K, committed 2688K, reserved 1048576K
}
Event: 2.025 GC heap before
{Heap before GC invocations=8 (full 1):
 PSYoungGen      total 139776K, used 131072K [0x00000000d6700000, 0x00000000df800000, 0x0000000100000000)
  eden space 131072K, 100% used [0x00000000d6700000,0x00000000de700000,0x00000000de700000)
  from space 8704K, 0% used [0x00000000def80000,0x00000000def80000,0x00000000df800000)
  to   space 8704K, 0% used [0x00000000de700000,0x00000000de700000,0x00000000def80000)
 ParOldGen       total 51200K, used 6179K [0x0000000083400000, 0x0000000086600000, 0x00000000d6700000)
  object space 51200K, 12% used [0x0000000083400000,0x0000000083a08d50,0x0000000086600000)
 Metaspace       used 26523K, capacity 26870K, committed 27008K, reserved 1073152K
  class space    used 3266K, capacity 3367K, committed 3456K, reserved 1048576K
Event: 2.032 GC heap after
Heap after GC invocations=8 (full 1):
 PSYoungGen      total 139776K, used 8167K [0x00000000d6700000, 0x00000000e4f80000, 0x0000000100000000)
  eden space 131072K, 0% used [0x00000000d6700000,0x00000000d6700000,0x00000000de700000)
  from space 8704K, 93% used [0x00000000de700000,0x00000000deef9c58,0x00000000def80000)
  to   space 9728K, 0% used [0x00000000e4600000,0x00000000e4600000,0x00000000e4f80000)
 ParOldGen       total 51200K, used 6187K [0x0000000083400000, 0x0000000086600000, 0x00000000d6700000)
  object space 51200K, 12% used [0x0000000083400000,0x0000000083a0ad50,0x0000000086600000)
 Metaspace       used 26523K, capacity 26870K, committed 27008K, reserved 1073152K
  class space    used 3266K, capacity 3367K, committed 3456K, reserved 1048576K
}
Event: 3.030 GC heap before
{Heap before GC invocations=9 (full 1):
 PSYoungGen      total 139776K, used 139239K [0x00000000d6700000, 0x00000000e4f80000, 0x0000000100000000)
  eden space 131072K, 100% used [0x00000000d6700000,0x00000000de700000,0x00000000de700000)
  from space 8704K, 93% used [0x00000000de700000,0x00000000deef9c58,0x00000000def80000)
  to   space 9728K, 0% used [0x00000000e4600000,0x00000000e4600000,0x00000000e4f80000)
 ParOldGen       total 51200K, used 6187K [0x0000000083400000, 0x0000000086600000, 0x00000000d6700000)
  object space 51200K, 12% used [0x0000000083400000,0x0000000083a0ad50,0x0000000086600000)
 Metaspace       used 31938K, capacity 32338K, committed 32512K, reserved 1077248K
  class space    used 3941K, capacity 4049K, committed 4096K, reserved 1048576K
Event: 3.042 GC heap after
Heap after GC invocations=9 (full 1):
 PSYoungGen      total 223744K, used 9703K [0x00000000d6700000, 0x00000000e5200000, 0x0000000100000000)
  eden space 214016K, 0% used [0x00000000d6700000,0x00000000d6700000,0x00000000e3800000)
  from space 9728K, 99% used [0x00000000e4600000,0x00000000e4f79e60,0x00000000e4f80000)
  to   space 13312K, 0% used [0x00000000e3800000,0x00000000e3800000,0x00000000e4500000)
 ParOldGen       total 51200K, used 11670K [0x0000000083400000, 0x0000000086600000, 0x00000000d6700000)
  object space 51200K, 22% used [0x0000000083400000,0x0000000083f65bf8,0x0000000086600000)
 Metaspace       used 31938K, capacity 32338K, committed 32512K, reserved 1077248K
  class space    used 3941K, capacity 4049K, committed 4096K, reserved 1048576K
}
Event: 3.877 GC heap before
{Heap before GC invocations=10 (full 1):
 PSYoungGen      total 223744K, used 137765K [0x00000000d6700000, 0x00000000e5200000, 0x0000000100000000)
  eden space 214016K, 59% used [0x00000000d6700000,0x00000000de40f850,0x00000000e3800000)
  from space 9728K, 99% used [0x00000000e4600000,0x00000000e4f79e60,0x00000000e4f80000)
  to   space 13312K, 0% used [0x00000000e3800000,0x00000000e3800000,0x00000000e4500000)
 ParOldGen       total 51200K, used 11670K [0x0000000083400000, 0x0000000086600000, 0x00000000d6700000)
  object space 51200K, 22% used [0x0000000083400000,0x0000000083f65bf8,0x0000000086600000)
 Metaspace       used 34970K, capacity 35362K, committed 35456K, reserved 1081344K
  class space    used 4365K, capacity 4473K, committed 4480K, reserved 1048576K
Event: 3.888 GC heap after
Heap after GC invocations=10 (full 1):
 PSYoungGen      total 227328K, used 13307K [0x00000000d6700000, 0x00000000ea380000, 0x0000000100000000)
  eden space 214016K, 0% used [0x00000000d6700000,0x00000000d6700000,0x00000000e3800000)
  from space 13312K, 99% used [0x00000000e3800000,0x00000000e44fee70,0x00000000e4500000)
  to   space 16384K, 0% used [0x00000000e9380000,0x00000000e9380000,0x00000000ea380000)
 ParOldGen       total 51200K, used 14502K [0x0000000083400000, 0x0000000086600000, 0x00000000d6700000)
  object space 51200K, 28% used [0x0000000083400000,0x00000000842299b0,0x0000000086600000)
 Metaspace       used 34970K, capacity 35362K, committed 35456K, reserved 1081344K
  class space    used 4365K, capacity 4473K, committed 4480K, reserved 1048576K
}
Event: 3.888 GC heap before
{Heap before GC invocations=11 (full 2):
 PSYoungGen      total 227328K, used 13307K [0x00000000d6700000, 0x00000000ea380000, 0x0000000100000000)
  eden space 214016K, 0% used [0x00000000d6700000,0x00000000d6700000,0x00000000e3800000)
  from space 13312K, 99% used [0x00000000e3800000,0x00000000e44fee70,0x00000000e4500000)
  to   space 16384K, 0% used [0x00000000e9380000,0x00000000e9380000,0x00000000ea380000)
 ParOldGen       total 51200K, used 14502K [0x0000000083400000, 0x0000000086600000, 0x00000000d6700000)
  object space 51200K, 28% used [0x0000000083400000,0x00000000842299b0,0x0000000086600000)
 Metaspace       used 34970K, capacity 35362K, committed 35456K, reserved 1081344K
  class space    used 4365K, capacity 4473K, committed 4480K, reserved 1048576K
Event: 3.955 GC heap after
Heap after GC invocations=11 (full 2):
 PSYoungGen      total 227328K, used 0K [0x00000000d6700000, 0x00000000ea380000, 0x0000000100000000)
  eden space 214016K, 0% used [0x00000000d6700000,0x00000000d6700000,0x00000000e3800000)
  from space 13312K, 0% used [0x00000000e3800000,0x00000000e3800000,0x00000000e4500000)
  to   space 16384K, 0% used [0x00000000e9380000,0x00000000e9380000,0x00000000ea380000)
 ParOldGen       total 91136K, used 22999K [0x0000000083400000, 0x0000000088d00000, 0x00000000d6700000)
  object space 91136K, 25% used [0x0000000083400000,0x0000000084a75e18,0x0000000088d00000)
 Metaspace       used 34970K, capacity 35362K, committed 35456K, reserved 1081344K
  class space    used 4365K, capacity 4473K, committed 4480K, reserved 1048576K
}

