# JRE version: Java(TM) SE Runtime Environment (8.0_92-b14) (build 1.8.0_92-b14)
# Java VM: Java HotSpot(TM) 64-Bit Server VM (25.92-b14 mixed mode windows-amd64 compressed oops)
Heap:
 PSYoungGen      total 230912K, used 160622K [0x00000000d6700000, 0x00000000eae00000, 0x0000000100000000)
  eden space 217600K, 73% used [0x00000000d6700000,0x00000000e03db838,0x00000000e3b80000)
  from space 13312K, 0% used [0x00000000e3b80000,0x00000000e3b80000,0x00000000e4880000)
  to   space 16384K, 0% used [0x00000000e9e00000,0x00000000e9e00000,0x00000000eae00000)
 ParOldGen       total 88576K, used 22884K [0x0000000083400000, 0x0000000088a80000, 0x00000000d6700000)
  object space 88576K, 25% used [0x0000000083400000,0x0000000084a59128,0x0000000088a80000)
 Metaspace       used 41814K, capacity 42398K, committed 42664K, reserved 1087488K
  class space    used 5092K, capacity 5247K, committed 5288K, reserved 1048576K
GC Heap History (10 events):
Event: 1.293 GC heap before
{Heap before GC invocations=7 (full 1):
 PSYoungGen      total 139776K, used 5982K [0x00000000d6700000, 0x00000000df800000, 0x0000000100000000)
  eden space 131072K, 0% used [0x00000000d6700000,0x00000000d6700000,0x00000000de700000)
  from space 8704K, 68% used [0x00000000def80000,0x00000000df557a58,0x00000000df800000)
  to   space 8704K, 0% used [0x00000000de700000,0x00000000de700000,0x00000000def80000)
 ParOldGen       total 86016K, used 3533K [0x0000000083400000, 0x0000000088800000, 0x00000000d6700000)
  object space 86016K, 4% used [0x0000000083400000,0x0000000083773460,0x0000000088800000)
 Metaspace       used 20951K, capacity 21132K, committed 21296K, reserved 1069056K
  class space    used 2551K, capacity 2598K, committed 2688K, reserved 1048576K
Event: 1.310 GC heap after
Heap after GC invocations=7 (full 1):
 PSYoungGen      total 139776K, used 0K [0x00000000d6700000, 0x00000000df800000, 0x0000000100000000)
  eden space 131072K, 0% used [0x00000000d6700000,0x00000000d6700000,0x00000000de700000)
  from space 8704K, 0% used [0x00000000def80000,0x00000000def80000,0x00000000df800000)
  to   space 8704K, 0% used [0x00000000de700000,0x00000000de700000,0x00000000def80000)
 ParOldGen       total 50176K, used 6247K [0x0000000083400000, 0x0000000086500000, 0x00000000d6700000)
  object space 50176K, 12% used [0x0000000083400000,0x0000000083a19d88,0x0000000086500000)
 Metaspace       used 20951K, capacity 21132K, committed 21296K, reserved 1069056K
  class space    used 2551K, capacity 2598K, committed 2688K, reserved 1048576K
}
Event: 2.057 GC heap before
{Heap before GC invocations=8 (full 1):
 PSYoungGen      total 139776K, used 131072K [0x00000000d6700000, 0x00000000df800000, 0x0000000100000000)
  eden space 131072K, 100% used [0x00000000d6700000,0x00000000de700000,0x00000000de700000)
  from space 8704K, 0% used [0x00000000def80000,0x00000000def80000,0x00000000df800000)
  to   space 8704K, 0% used [0x00000000de700000,0x00000000de700000,0x00000000def80000)
 ParOldGen       total 50176K, used 6247K [0x0000000083400000, 0x0000000086500000, 0x00000000d6700000)
  object space 50176K, 12% used [0x0000000083400000,0x0000000083a19d88,0x0000000086500000)
 Metaspace       used 26682K, capacity 26998K, committed 27264K, reserved 1073152K
  class space    used 3274K, capacity 3367K, committed 3456K, reserved 1048576K
Event: 2.065 GC heap after
Heap after GC invocations=8 (full 1):
 PSYoungGen      total 139776K, used 8360K [0x00000000d6700000, 0x00000000e5380000, 0x0000000100000000)
  eden space 131072K, 0% used [0x00000000d6700000,0x00000000d6700000,0x00000000de700000)
  from space 8704K, 96% used [0x00000000de700000,0x00000000def2a378,0x00000000def80000)
  to   space 9728K, 0% used [0x00000000e4a00000,0x00000000e4a00000,0x00000000e5380000)
 ParOldGen       total 50176K, used 6255K [0x0000000083400000, 0x0000000086500000, 0x00000000d6700000)
  object space 50176K, 12% used [0x0000000083400000,0x0000000083a1bd88,0x0000000086500000)
 Metaspace       used 26682K, capacity 26998K, committed 27264K, reserved 1073152K
  class space    used 3274K, capacity 3367K, committed 3456K, reserved 1048576K
}
Event: 3.123 GC heap before
{Heap before GC invocations=9 (full 1):
 PSYoungGen      total 139776K, used 139432K [0x00000000d6700000, 0x00000000e5380000, 0x0000000100000000)
  eden space 131072K, 100% used [0x00000000d6700000,0x00000000de700000,0x00000000de700000)
  from space 8704K, 96% used [0x00000000de700000,0x00000000def2a378,0x00000000def80000)
  to   space 9728K, 0% used [0x00000000e4a00000,0x00000000e4a00000,0x00000000e5380000)
 ParOldGen       total 50176K, used 6255K [0x0000000083400000, 0x0000000086500000, 0x00000000d6700000)
  object space 50176K, 12% used [0x0000000083400000,0x0000000083a1bd88,0x0000000086500000)
 Metaspace       used 32077K, capacity 32466K, committed 32768K, reserved 1077248K
  class space    used 3954K, capacity 4049K, committed 4096K, reserved 1048576K
Event: 3.134 GC heap after
Heap after GC invocations=9 (full 1):
 PSYoungGen      total 227328K, used 9713K [0x00000000d6700000, 0x00000000e5580000, 0x0000000100000000)
  eden space 217600K, 0% used [0x00000000d6700000,0x00000000d6700000,0x00000000e3b80000)
  from space 9728K, 99% used [0x00000000e4a00000,0x00000000e537c4a0,0x00000000e5380000)
  to   space 13312K, 0% used [0x00000000e3b80000,0x00000000e3b80000,0x00000000e4880000)
 ParOldGen       total 50176K, used 11688K [0x0000000083400000, 0x0000000086500000, 0x00000000d6700000)
  object space 50176K, 23% used [0x0000000083400000,0x0000000083f6a198,0x0000000086500000)
 Metaspace       used 32077K, capacity 32466K, committed 32768K, reserved 1077248K
  class space    used 3954K, capacity 4049K, committed 4096K, reserved 1048576K
}
Event: 3.740 GC heap before
{Heap before GC invocations=10 (full 1):
 PSYoungGen      total 227328K, used 135805K [0x00000000d6700000, 0x00000000e5580000, 0x0000000100000000)
  eden space 217600K, 57% used [0x00000000d6700000,0x00000000de223148,0x00000000e3b80000)
  from space 9728K, 99% used [0x00000000e4a00000,0x00000000e537c4a0,0x00000000e5380000)
  to   space 13312K, 0% used [0x00000000e3b80000,0x00000000e3b80000,0x00000000e4880000)
 ParOldGen       total 50176K, used 11688K [0x0000000083400000, 0x0000000086500000, 0x00000000d6700000)
  object space 50176K, 23% used [0x0000000083400000,0x0000000083f6a198,0x0000000086500000)
 Metaspace       used 34966K, capacity 35394K, committed 35496K, reserved 1081344K
  class space    used 4366K, capacity 4505K, committed 4520K, reserved 1048576K
Event: 3.752 GC heap after
Heap after GC invocations=10 (full 1):
 PSYoungGen      total 230912K, used 13294K [0x00000000d6700000, 0x00000000eae00000, 0x0000000100000000)
  eden space 217600K, 0% used [0x00000000d6700000,0x00000000d6700000,0x00000000e3b80000)
  from space 13312K, 99% used [0x00000000e3b80000,0x00000000e487b880,0x00000000e4880000)
  to   space 16384K, 0% used [0x00000000e9e00000,0x00000000e9e00000,0x00000000eae00000)
 ParOldGen       total 50176K, used 14350K [0x0000000083400000, 0x0000000086500000, 0x00000000d6700000)
  object space 50176K, 28% used [0x0000000083400000,0x0000000084203940,0x0000000086500000)
 Metaspace       used 34966K, capacity 35394K, committed 35496K, reserved 1081344K
  class space    used 4366K, capacity 4505K, committed 4520K, reserved 1048576K
}
Event: 3.752 GC heap before
{Heap before GC invocations=11 (full 2):
 PSYoungGen      total 230912K, used 13294K [0x00000000d6700000, 0x00000000eae00000, 0x0000000100000000)
  eden space 217600K, 0% used [0x00000000d6700000,0x00000000d6700000,0x00000000e3b80000)
  from space 13312K, 99% used [0x00000000e3b80000,0x00000000e487b880,0x00000000e4880000)
  to   space 16384K, 0% used [0x00000000e9e00000,0x00000000e9e00000,0x00000000eae00000)
 ParOldGen       total 50176K, used 14350K [0x0000000083400000, 0x0000000086500000, 0x00000000d6700000)
  object space 50176K, 28% used [0x0000000083400000,0x0000000084203940,0x0000000086500000)
 Metaspace       used 34966K, capacity 35394K, committed 35496K, reserved 1081344K
  class space    used 4366K, capacity 4505K, committed 4520K, reserved 1048576K
Event: 3.823 GC heap after
Heap after GC invocations=11 (full 2):
 PSYoungGen      total 230912K, used 0K [0x00000000d6700000, 0x00000000eae00000, 0x0000000100000000)
  eden space 217600K, 0% used [0x00000000d6700000,0x00000000d6700000,0x00000000e3b80000)
  from space 13312K, 0% used [0x00000000e3b80000,0x00000000e3b80000,0x00000000e4880000)
  to   space 16384K, 0% used [0x00000000e9e00000,0x00000000e9e00000,0x00000000eae00000)
 ParOldGen       total 88576K, used 22884K [0x0000000083400000, 0x0000000088a80000, 0x00000000d6700000)
  object space 88576K, 25% used [0x0000000083400000,0x0000000084a59128,0x0000000088a80000)
 Metaspace       used 34966K, capacity 35394K, committed 35496K, reserved 1081344K
  class space    used 4366K, capacity 4505K, committed 4520K, reserved 1048576K
}

