# JRE version: Java(TM) SE Runtime Environment (8.0_92-b14) (build 1.8.0_92-b14)
# Java VM: Java HotSpot(TM) 64-Bit Server VM (25.92-b14 mixed mode windows-amd64 compressed oops)
Heap:
 PSYoungGen      total 232960K, used 192106K [0x00000000d6700000, 0x00000000eae00000, 0x0000000100000000)
  eden space 219648K, 87% used [0x00000000d6700000,0x00000000e229a890,0x00000000e3d80000)
  from space 13312K, 0% used [0x00000000e3d80000,0x00000000e3d80000,0x00000000e4a80000)
  to   space 16384K, 0% used [0x00000000e9e00000,0x00000000e9e00000,0x00000000eae00000)
 ParOldGen       total 87040K, used 22998K [0x0000000083400000, 0x0000000088900000, 0x00000000d6700000)
  object space 87040K, 26% used [0x0000000083400000,0x0000000084a759e0,0x0000000088900000)
 Metaspace       used 42986K, capacity 43576K, committed 43776K, reserved 1087488K
  class space    used 5117K, capacity 5262K, committed 5376K, reserved 1048576K
GC Heap History (10 events):
Event: 1.343 GC heap before
{Heap before GC invocations=7 (full 1):
 PSYoungGen      total 138752K, used 5665K [0x00000000d6700000, 0x00000000df700000, 0x0000000100000000)
  eden space 131072K, 0% used [0x00000000d6700000,0x00000000d6700000,0x00000000de700000)
  from space 7680K, 73% used [0x00000000def80000,0x00000000df5087a8,0x00000000df700000)
  to   space 8192K, 0% used [0x00000000de700000,0x00000000de700000,0x00000000def00000)
 ParOldGen       total 86016K, used 3589K [0x0000000083400000, 0x0000000088800000, 0x00000000d6700000)
  object space 86016K, 4% used [0x0000000083400000,0x0000000083781780,0x0000000088800000)
 Metaspace       used 20955K, capacity 21132K, committed 21296K, reserved 1069056K
  class space    used 2553K, capacity 2598K, committed 2688K, reserved 1048576K
Event: 1.359 GC heap after
Heap after GC invocations=7 (full 1):
 PSYoungGen      total 138752K, used 0K [0x00000000d6700000, 0x00000000df700000, 0x0000000100000000)
  eden space 131072K, 0% used [0x00000000d6700000,0x00000000d6700000,0x00000000de700000)
  from space 7680K, 0% used [0x00000000def80000,0x00000000def80000,0x00000000df700000)
  to   space 8192K, 0% used [0x00000000de700000,0x00000000de700000,0x00000000def00000)
 ParOldGen       total 50176K, used 6006K [0x0000000083400000, 0x0000000086500000, 0x00000000d6700000)
  object space 50176K, 11% used [0x0000000083400000,0x00000000839ddbd0,0x0000000086500000)
 Metaspace       used 20955K, capacity 21132K, committed 21296K, reserved 1069056K
  class space    used 2553K, capacity 2598K, committed 2688K, reserved 1048576K
}
Event: 2.126 GC heap before
{Heap before GC invocations=8 (full 1):
 PSYoungGen      total 138752K, used 131072K [0x00000000d6700000, 0x00000000df700000, 0x0000000100000000)
  eden space 131072K, 100% used [0x00000000d6700000,0x00000000de700000,0x00000000de700000)
  from space 7680K, 0% used [0x00000000def80000,0x00000000def80000,0x00000000df700000)
  to   space 8192K, 0% used [0x00000000de700000,0x00000000de700000,0x00000000def00000)
 ParOldGen       total 50176K, used 6006K [0x0000000083400000, 0x0000000086500000, 0x00000000d6700000)
  object space 50176K, 11% used [0x0000000083400000,0x00000000839ddbd0,0x0000000086500000)
 Metaspace       used 26462K, capacity 26806K, committed 27008K, reserved 1073152K
  class space    used 3255K, capacity 3367K, committed 3456K, reserved 1048576K
Event: 2.135 GC heap after
Heap after GC invocations=8 (full 1):
 PSYoungGen      total 139264K, used 8159K [0x00000000d6700000, 0x00000000e5400000, 0x0000000100000000)
  eden space 131072K, 0% used [0x00000000d6700000,0x00000000d6700000,0x00000000de700000)
  from space 8192K, 99% used [0x00000000de700000,0x00000000deef7da8,0x00000000def00000)
  to   space 9216K, 0% used [0x00000000e4b00000,0x00000000e4b00000,0x00000000e5400000)
 ParOldGen       total 50176K, used 6014K [0x0000000083400000, 0x0000000086500000, 0x00000000d6700000)
  object space 50176K, 11% used [0x0000000083400000,0x00000000839dfbd0,0x0000000086500000)
 Metaspace       used 26462K, capacity 26806K, committed 27008K, reserved 1073152K
  class space    used 3255K, capacity 3367K, committed 3456K, reserved 1048576K
}
Event: 3.180 GC heap before
{Heap before GC invocations=9 (full 1):
 PSYoungGen      total 139264K, used 139231K [0x00000000d6700000, 0x00000000e5400000, 0x0000000100000000)
  eden space 131072K, 100% used [0x00000000d6700000,0x00000000de700000,0x00000000de700000)
  from space 8192K, 99% used [0x00000000de700000,0x00000000deef7da8,0x00000000def00000)
  to   space 9216K, 0% used [0x00000000e4b00000,0x00000000e4b00000,0x00000000e5400000)
 ParOldGen       total 50176K, used 6014K [0x0000000083400000, 0x0000000086500000, 0x00000000d6700000)
  object space 50176K, 11% used [0x0000000083400000,0x00000000839dfbd0,0x0000000086500000)
 Metaspace       used 31890K, capacity 32306K, committed 32512K, reserved 1077248K
  class space    used 3931K, capacity 4017K, committed 4096K, reserved 1048576K
Event: 3.192 GC heap after
Heap after GC invocations=9 (full 1):
 PSYoungGen      total 228864K, used 9200K [0x00000000d6700000, 0x00000000e5780000, 0x0000000100000000)
  eden space 219648K, 0% used [0x00000000d6700000,0x00000000d6700000,0x00000000e3d80000)
  from space 9216K, 99% used [0x00000000e4b00000,0x00000000e53fc030,0x00000000e5400000)
  to   space 13312K, 0% used [0x00000000e3d80000,0x00000000e3d80000,0x00000000e4a80000)
 ParOldGen       total 50176K, used 11813K [0x0000000083400000, 0x0000000086500000, 0x00000000d6700000)
  object space 50176K, 23% used [0x0000000083400000,0x0000000083f89478,0x0000000086500000)
 Metaspace       used 31890K, capacity 32306K, committed 32512K, reserved 1077248K
  class space    used 3931K, capacity 4017K, committed 4096K, reserved 1048576K
}
Event: 5.266 GC heap before
{Heap before GC invocations=10 (full 1):
 PSYoungGen      total 228864K, used 142714K [0x00000000d6700000, 0x00000000e5780000, 0x0000000100000000)
  eden space 219648K, 60% used [0x00000000d6700000,0x00000000de962970,0x00000000e3d80000)
  from space 9216K, 99% used [0x00000000e4b00000,0x00000000e53fc030,0x00000000e5400000)
  to   space 13312K, 0% used [0x00000000e3d80000,0x00000000e3d80000,0x00000000e4a80000)
 ParOldGen       total 50176K, used 11813K [0x0000000083400000, 0x0000000086500000, 0x00000000d6700000)
  object space 50176K, 23% used [0x0000000083400000,0x0000000083f89478,0x0000000086500000)
 Metaspace       used 34969K, capacity 35362K, committed 35456K, reserved 1081344K
  class space    used 4364K, capacity 4473K, committed 4480K, reserved 1048576K
Event: 5.277 GC heap after
Heap after GC invocations=10 (full 1):
 PSYoungGen      total 232960K, used 13284K [0x00000000d6700000, 0x00000000eae00000, 0x0000000100000000)
  eden space 219648K, 0% used [0x00000000d6700000,0x00000000d6700000,0x00000000e3d80000)
  from space 13312K, 99% used [0x00000000e3d80000,0x00000000e4a79040,0x00000000e4a80000)
  to   space 16384K, 0% used [0x00000000e9e00000,0x00000000e9e00000,0x00000000eae00000)
 ParOldGen       total 50176K, used 14492K [0x0000000083400000, 0x0000000086500000, 0x00000000d6700000)
  object space 50176K, 28% used [0x0000000083400000,0x0000000084227068,0x0000000086500000)
 Metaspace       used 34969K, capacity 35362K, committed 35456K, reserved 1081344K
  class space    used 4364K, capacity 4473K, committed 4480K, reserved 1048576K
}
Event: 5.277 GC heap before
{Heap before GC invocations=11 (full 2):
 PSYoungGen      total 232960K, used 13284K [0x00000000d6700000, 0x00000000eae00000, 0x0000000100000000)
  eden space 219648K, 0% used [0x00000000d6700000,0x00000000d6700000,0x00000000e3d80000)
  from space 13312K, 99% used [0x00000000e3d80000,0x00000000e4a79040,0x00000000e4a80000)
  to   space 16384K, 0% used [0x00000000e9e00000,0x00000000e9e00000,0x00000000eae00000)
 ParOldGen       total 50176K, used 14492K [0x0000000083400000, 0x0000000086500000, 0x00000000d6700000)
  object space 50176K, 28% used [0x0000000083400000,0x0000000084227068,0x0000000086500000)
 Metaspace       used 34969K, capacity 35362K, committed 35456K, reserved 1081344K
  class space    used 4364K, capacity 4473K, committed 4480K, reserved 1048576K
Event: 5.344 GC heap after
Heap after GC invocations=11 (full 2):
 PSYoungGen      total 232960K, used 0K [0x00000000d6700000, 0x00000000eae00000, 0x0000000100000000)
  eden space 219648K, 0% used [0x00000000d6700000,0x00000000d6700000,0x00000000e3d80000)
  from space 13312K, 0% used [0x00000000e3d80000,0x00000000e3d80000,0x00000000e4a80000)
  to   space 16384K, 0% used [0x00000000e9e00000,0x00000000e9e00000,0x00000000eae00000)
 ParOldGen       total 87040K, used 22998K [0x0000000083400000, 0x0000000088900000, 0x00000000d6700000)
  object space 87040K, 26% used [0x0000000083400000,0x0000000084a759e0,0x0000000088900000)
 Metaspace       used 34969K, capacity 35362K, committed 35456K, reserved 1081344K
  class space    used 4364K, capacity 4473K, committed 4480K, reserved 1048576K
}

