# JRE version: Java(TM) SE Runtime Environment (8.0_92-b14) (build 1.8.0_92-b14)
# Java VM: Java HotSpot(TM) 64-Bit Server VM (25.92-b14 mixed mode windows-amd64 compressed oops)
Heap:
 PSYoungGen      total 228864K, used 195013K [0x00000000d6700000, 0x00000000ea300000, 0x0000000100000000)
  eden space 215552K, 90% used [0x00000000d6700000,0x00000000e2571498,0x00000000e3980000)
  from space 13312K, 0% used [0x00000000e3980000,0x00000000e3980000,0x00000000e4680000)
  to   space 16384K, 0% used [0x00000000e9300000,0x00000000e9300000,0x00000000ea300000)
 ParOldGen       total 87040K, used 22961K [0x0000000083400000, 0x0000000088900000, 0x00000000d6700000)
  object space 87040K, 26% used [0x0000000083400000,0x0000000084a6c450,0x0000000088900000)
 Metaspace       used 43299K, capacity 43926K, committed 44032K, reserved 1087488K
  class space    used 5196K, capacity 5337K, committed 5376K, reserved 1048576K
GC Heap History (10 events):
Event: 1.337 GC heap before
{Heap before GC invocations=7 (full 1):
 PSYoungGen      total 139776K, used 5745K [0x00000000d6700000, 0x00000000df800000, 0x0000000100000000)
  eden space 131072K, 0% used [0x00000000d6700000,0x00000000d6700000,0x00000000de700000)
  from space 8704K, 66% used [0x00000000def80000,0x00000000df51c7d8,0x00000000df800000)
  to   space 8704K, 0% used [0x00000000de700000,0x00000000de700000,0x00000000def80000)
 ParOldGen       total 86016K, used 3599K [0x0000000083400000, 0x0000000088800000, 0x00000000d6700000)
  object space 86016K, 4% used [0x0000000083400000,0x0000000083783cd8,0x0000000088800000)
 Metaspace       used 20949K, capacity 21132K, committed 21296K, reserved 1069056K
  class space    used 2552K, capacity 2598K, committed 2688K, reserved 1048576K
Event: 1.355 GC heap after
Heap after GC invocations=7 (full 1):
 PSYoungGen      total 139776K, used 0K [0x00000000d6700000, 0x00000000df800000, 0x0000000100000000)
  eden space 131072K, 0% used [0x00000000d6700000,0x00000000d6700000,0x00000000de700000)
  from space 8704K, 0% used [0x00000000def80000,0x00000000def80000,0x00000000df800000)
  to   space 8704K, 0% used [0x00000000de700000,0x00000000de700000,0x00000000def80000)
 ParOldGen       total 51200K, used 5987K [0x0000000083400000, 0x0000000086600000, 0x00000000d6700000)
  object space 51200K, 11% used [0x0000000083400000,0x00000000839d8ff8,0x0000000086600000)
 Metaspace       used 20949K, capacity 21132K, committed 21296K, reserved 1069056K
  class space    used 2552K, capacity 2598K, committed 2688K, reserved 1048576K
}
Event: 2.079 GC heap before
{Heap before GC invocations=8 (full 1):
 PSYoungGen      total 139776K, used 131072K [0x00000000d6700000, 0x00000000df800000, 0x0000000100000000)
  eden space 131072K, 100% used [0x00000000d6700000,0x00000000de700000,0x00000000de700000)
  from space 8704K, 0% used [0x00000000def80000,0x00000000def80000,0x00000000df800000)
  to   space 8704K, 0% used [0x00000000de700000,0x00000000de700000,0x00000000def80000)
 ParOldGen       total 51200K, used 5987K [0x0000000083400000, 0x0000000086600000, 0x00000000d6700000)
  object space 51200K, 11% used [0x0000000083400000,0x00000000839d8ff8,0x0000000086600000)
 Metaspace       used 26420K, capacity 26806K, committed 27008K, reserved 1073152K
  class space    used 3256K, capacity 3367K, committed 3456K, reserved 1048576K
Event: 2.086 GC heap after
Heap after GC invocations=8 (full 1):
 PSYoungGen      total 139776K, used 8194K [0x00000000d6700000, 0x00000000e5080000, 0x0000000100000000)
  eden space 131072K, 0% used [0x00000000d6700000,0x00000000d6700000,0x00000000de700000)
  from space 8704K, 94% used [0x00000000de700000,0x00000000def00b10,0x00000000def80000)
  to   space 9728K, 0% used [0x00000000e4700000,0x00000000e4700000,0x00000000e5080000)
 ParOldGen       total 51200K, used 5995K [0x0000000083400000, 0x0000000086600000, 0x00000000d6700000)
  object space 51200K, 11% used [0x0000000083400000,0x00000000839daff8,0x0000000086600000)
 Metaspace       used 26420K, capacity 26806K, committed 27008K, reserved 1073152K
  class space    used 3256K, capacity 3367K, committed 3456K, reserved 1048576K
}
Event: 3.193 GC heap before
{Heap before GC invocations=9 (full 1):
 PSYoungGen      total 139776K, used 139266K [0x00000000d6700000, 0x00000000e5080000, 0x0000000100000000)
  eden space 131072K, 100% used [0x00000000d6700000,0x00000000de700000,0x00000000de700000)
  from space 8704K, 94% used [0x00000000de700000,0x00000000def00b10,0x00000000def80000)
  to   space 9728K, 0% used [0x00000000e4700000,0x00000000e4700000,0x00000000e5080000)
 ParOldGen       total 51200K, used 5995K [0x0000000083400000, 0x0000000086600000, 0x00000000d6700000)
  object space 51200K, 11% used [0x0000000083400000,0x00000000839daff8,0x0000000086600000)
 Metaspace       used 31917K, capacity 32274K, committed 32512K, reserved 1077248K
  class space    used 3942K, capacity 4049K, committed 4096K, reserved 1048576K
Event: 3.208 GC heap after
Heap after GC invocations=9 (full 1):
 PSYoungGen      total 225280K, used 9696K [0x00000000d6700000, 0x00000000e5380000, 0x0000000100000000)
  eden space 215552K, 0% used [0x00000000d6700000,0x00000000d6700000,0x00000000e3980000)
  from space 9728K, 99% used [0x00000000e4700000,0x00000000e5078060,0x00000000e5080000)
  to   space 13312K, 0% used [0x00000000e3980000,0x00000000e3980000,0x00000000e4680000)
 ParOldGen       total 51200K, used 11625K [0x0000000083400000, 0x0000000086600000, 0x00000000d6700000)
  object space 51200K, 22% used [0x0000000083400000,0x0000000083f5a7e8,0x0000000086600000)
 Metaspace       used 31917K, capacity 32274K, committed 32512K, reserved 1077248K
  class space    used 3942K, capacity 4049K, committed 4096K, reserved 1048576K
}
Event: 8.015 GC heap before
{Heap before GC invocations=10 (full 1):
 PSYoungGen      total 225280K, used 138670K [0x00000000d6700000, 0x00000000e5380000, 0x0000000100000000)
  eden space 215552K, 59% used [0x00000000d6700000,0x00000000de4f3b90,0x00000000e3980000)
  from space 9728K, 99% used [0x00000000e4700000,0x00000000e5078060,0x00000000e5080000)
  to   space 13312K, 0% used [0x00000000e3980000,0x00000000e3980000,0x00000000e4680000)
 ParOldGen       total 51200K, used 11625K [0x0000000083400000, 0x0000000086600000, 0x00000000d6700000)
  object space 51200K, 22% used [0x0000000083400000,0x0000000083f5a7e8,0x0000000086600000)
 Metaspace       used 34964K, capacity 35362K, committed 35456K, reserved 1081344K
  class space    used 4364K, capacity 4473K, committed 4480K, reserved 1048576K
Event: 8.025 GC heap after
Heap after GC invocations=10 (full 1):
 PSYoungGen      total 228864K, used 13295K [0x00000000d6700000, 0x00000000ea300000, 0x0000000100000000)
  eden space 215552K, 0% used [0x00000000d6700000,0x00000000d6700000,0x00000000e3980000)
  from space 13312K, 99% used [0x00000000e3980000,0x00000000e467bc50,0x00000000e4680000)
  to   space 16384K, 0% used [0x00000000e9300000,0x00000000e9300000,0x00000000ea300000)
 ParOldGen       total 51200K, used 14427K [0x0000000083400000, 0x0000000086600000, 0x00000000d6700000)
  object space 51200K, 28% used [0x0000000083400000,0x0000000084216da8,0x0000000086600000)
 Metaspace       used 34964K, capacity 35362K, committed 35456K, reserved 1081344K
  class space    used 4364K, capacity 4473K, committed 4480K, reserved 1048576K
}
Event: 8.025 GC heap before
{Heap before GC invocations=11 (full 2):
 PSYoungGen      total 228864K, used 13295K [0x00000000d6700000, 0x00000000ea300000, 0x0000000100000000)
  eden space 215552K, 0% used [0x00000000d6700000,0x00000000d6700000,0x00000000e3980000)
  from space 13312K, 99% used [0x00000000e3980000,0x00000000e467bc50,0x00000000e4680000)
  to   space 16384K, 0% used [0x00000000e9300000,0x00000000e9300000,0x00000000ea300000)
 ParOldGen       total 51200K, used 14427K [0x0000000083400000, 0x0000000086600000, 0x00000000d6700000)
  object space 51200K, 28% used [0x0000000083400000,0x0000000084216da8,0x0000000086600000)
 Metaspace       used 34964K, capacity 35362K, committed 35456K, reserved 1081344K
  class space    used 4364K, capacity 4473K, committed 4480K, reserved 1048576K
Event: 8.091 GC heap after
Heap after GC invocations=11 (full 2):
 PSYoungGen      total 228864K, used 0K [0x00000000d6700000, 0x00000000ea300000, 0x0000000100000000)
  eden space 215552K, 0% used [0x00000000d6700000,0x00000000d6700000,0x00000000e3980000)
  from space 13312K, 0% used [0x00000000e3980000,0x00000000e3980000,0x00000000e4680000)
  to   space 16384K, 0% used [0x00000000e9300000,0x00000000e9300000,0x00000000ea300000)
 ParOldGen       total 87040K, used 22961K [0x0000000083400000, 0x0000000088900000, 0x00000000d6700000)
  object space 87040K, 26% used [0x0000000083400000,0x0000000084a6c450,0x0000000088900000)
 Metaspace       used 34964K, capacity 35362K, committed 35456K, reserved 1081344K
  class space    used 4364K, capacity 4473K, committed 4480K, reserved 1048576K
}

