# JRE version: Java(TM) SE Runtime Environment (8.0_92-b14) (build 1.8.0_92-b14)
# Java VM: Java HotSpot(TM) 64-Bit Server VM (25.92-b14 mixed mode windows-amd64 compressed oops)
Heap:
 PSYoungGen      total 229376K, used 167082K [0x00000000d6700000, 0x00000000ea900000, 0x0000000100000000)
  eden space 216064K, 77% used [0x00000000d6700000,0x00000000e0a2aa78,0x00000000e3a00000)
  from space 13312K, 0% used [0x00000000e3a00000,0x00000000e3a00000,0x00000000e4700000)
  to   space 16384K, 0% used [0x00000000e9900000,0x00000000e9900000,0x00000000ea900000)
 ParOldGen       total 89600K, used 22968K [0x0000000083400000, 0x0000000088b80000, 0x00000000d6700000)
  object space 89600K, 25% used [0x0000000083400000,0x0000000084a6e310,0x0000000088b80000)
 Metaspace       used 41901K, capacity 42430K, committed 42624K, reserved 1087488K
  class space    used 5091K, capacity 5215K, committed 5248K, reserved 1048576K
GC Heap History (10 events):
Event: 1.311 GC heap before
{Heap before GC invocations=7 (full 1):
 PSYoungGen      total 139776K, used 5761K [0x00000000d6700000, 0x00000000df800000, 0x0000000100000000)
  eden space 131072K, 0% used [0x00000000d6700000,0x00000000d6700000,0x00000000de700000)
  from space 8704K, 66% used [0x00000000def80000,0x00000000df5207a8,0x00000000df800000)
  to   space 8704K, 0% used [0x00000000de700000,0x00000000de700000,0x00000000def80000)
 ParOldGen       total 86016K, used 3609K [0x0000000083400000, 0x0000000088800000, 0x00000000d6700000)
  object space 86016K, 4% used [0x0000000083400000,0x0000000083786480,0x0000000088800000)
 Metaspace       used 20959K, capacity 21164K, committed 21296K, reserved 1069056K
  class space    used 2555K, capacity 2630K, committed 2688K, reserved 1048576K
Event: 1.329 GC heap after
Heap after GC invocations=7 (full 1):
 PSYoungGen      total 139776K, used 0K [0x00000000d6700000, 0x00000000df800000, 0x0000000100000000)
  eden space 131072K, 0% used [0x00000000d6700000,0x00000000d6700000,0x00000000de700000)
  from space 8704K, 0% used [0x00000000def80000,0x00000000def80000,0x00000000df800000)
  to   space 8704K, 0% used [0x00000000de700000,0x00000000de700000,0x00000000def80000)
 ParOldGen       total 50688K, used 6087K [0x0000000083400000, 0x0000000086580000, 0x00000000d6700000)
  object space 50688K, 12% used [0x0000000083400000,0x00000000839f1d10,0x0000000086580000)
 Metaspace       used 20959K, capacity 21164K, committed 21296K, reserved 1069056K
  class space    used 2555K, capacity 2630K, committed 2688K, reserved 1048576K
}
Event: 2.054 GC heap before
{Heap before GC invocations=8 (full 1):
 PSYoungGen      total 139776K, used 131072K [0x00000000d6700000, 0x00000000df800000, 0x0000000100000000)
  eden space 131072K, 100% used [0x00000000d6700000,0x00000000de700000,0x00000000de700000)
  from space 8704K, 0% used [0x00000000def80000,0x00000000def80000,0x00000000df800000)
  to   space 8704K, 0% used [0x00000000de700000,0x00000000de700000,0x00000000def80000)
 ParOldGen       total 50688K, used 6087K [0x0000000083400000, 0x0000000086580000, 0x00000000d6700000)
  object space 50688K, 12% used [0x0000000083400000,0x00000000839f1d10,0x0000000086580000)
 Metaspace       used 26503K, capacity 26806K, committed 27008K, reserved 1073152K
  class space    used 3264K, capacity 3367K, committed 3456K, reserved 1048576K
Event: 2.061 GC heap after
Heap after GC invocations=8 (full 1):
 PSYoungGen      total 139776K, used 8237K [0x00000000d6700000, 0x00000000e5200000, 0x0000000100000000)
  eden space 131072K, 0% used [0x00000000d6700000,0x00000000d6700000,0x00000000de700000)
  from space 8704K, 94% used [0x00000000de700000,0x00000000def0b580,0x00000000def80000)
  to   space 9728K, 0% used [0x00000000e4880000,0x00000000e4880000,0x00000000e5200000)
 ParOldGen       total 50688K, used 6095K [0x0000000083400000, 0x0000000086580000, 0x00000000d6700000)
  object space 50688K, 12% used [0x0000000083400000,0x00000000839f3d10,0x0000000086580000)
 Metaspace       used 26503K, capacity 26806K, committed 27008K, reserved 1073152K
  class space    used 3264K, capacity 3367K, committed 3456K, reserved 1048576K
}
Event: 3.088 GC heap before
{Heap before GC invocations=9 (full 1):
 PSYoungGen      total 139776K, used 139309K [0x00000000d6700000, 0x00000000e5200000, 0x0000000100000000)
  eden space 131072K, 100% used [0x00000000d6700000,0x00000000de700000,0x00000000de700000)
  from space 8704K, 94% used [0x00000000de700000,0x00000000def0b580,0x00000000def80000)
  to   space 9728K, 0% used [0x00000000e4880000,0x00000000e4880000,0x00000000e5200000)
 ParOldGen       total 50688K, used 6095K [0x0000000083400000, 0x0000000086580000, 0x00000000d6700000)
  object space 50688K, 12% used [0x0000000083400000,0x00000000839f3d10,0x0000000086580000)
 Metaspace       used 31911K, capacity 32274K, committed 32512K, reserved 1077248K
  class space    used 3942K, capacity 4049K, committed 4096K, reserved 1048576K
Event: 3.099 GC heap after
Heap after GC invocations=9 (full 1):
 PSYoungGen      total 225792K, used 9712K [0x00000000d6700000, 0x00000000e5400000, 0x0000000100000000)
  eden space 216064K, 0% used [0x00000000d6700000,0x00000000d6700000,0x00000000e3a00000)
  from space 9728K, 99% used [0x00000000e4880000,0x00000000e51fc280,0x00000000e5200000)
  to   space 13312K, 0% used [0x00000000e3a00000,0x00000000e3a00000,0x00000000e4700000)
 ParOldGen       total 50688K, used 11489K [0x0000000083400000, 0x0000000086580000, 0x00000000d6700000)
  object space 50688K, 22% used [0x0000000083400000,0x0000000083f385f0,0x0000000086580000)
 Metaspace       used 31911K, capacity 32274K, committed 32512K, reserved 1077248K
  class space    used 3942K, capacity 4049K, committed 4096K, reserved 1048576K
}
Event: 3.782 GC heap before
{Heap before GC invocations=10 (full 1):
 PSYoungGen      total 225792K, used 141396K [0x00000000d6700000, 0x00000000e5400000, 0x0000000100000000)
  eden space 216064K, 60% used [0x00000000d6700000,0x00000000de7990b8,0x00000000e3a00000)
  from space 9728K, 99% used [0x00000000e4880000,0x00000000e51fc280,0x00000000e5200000)
  to   space 13312K, 0% used [0x00000000e3a00000,0x00000000e3a00000,0x00000000e4700000)
 ParOldGen       total 50688K, used 11489K [0x0000000083400000, 0x0000000086580000, 0x00000000d6700000)
  object space 50688K, 22% used [0x0000000083400000,0x0000000083f385f0,0x0000000086580000)
 Metaspace       used 34963K, capacity 35362K, committed 35456K, reserved 1081344K
  class space    used 4364K, capacity 4473K, committed 4480K, reserved 1048576K
Event: 3.793 GC heap after
Heap after GC invocations=10 (full 1):
 PSYoungGen      total 229376K, used 13303K [0x00000000d6700000, 0x00000000ea900000, 0x0000000100000000)
  eden space 216064K, 0% used [0x00000000d6700000,0x00000000d6700000,0x00000000e3a00000)
  from space 13312K, 99% used [0x00000000e3a00000,0x00000000e46fdc50,0x00000000e4700000)
  to   space 16384K, 0% used [0x00000000e9900000,0x00000000e9900000,0x00000000ea900000)
 ParOldGen       total 50688K, used 14376K [0x0000000083400000, 0x0000000086580000, 0x00000000d6700000)
  object space 50688K, 28% used [0x0000000083400000,0x000000008420a290,0x0000000086580000)
 Metaspace       used 34963K, capacity 35362K, committed 35456K, reserved 1081344K
  class space    used 4364K, capacity 4473K, committed 4480K, reserved 1048576K
}
Event: 3.793 GC heap before
{Heap before GC invocations=11 (full 2):
 PSYoungGen      total 229376K, used 13303K [0x00000000d6700000, 0x00000000ea900000, 0x0000000100000000)
  eden space 216064K, 0% used [0x00000000d6700000,0x00000000d6700000,0x00000000e3a00000)
  from space 13312K, 99% used [0x00000000e3a00000,0x00000000e46fdc50,0x00000000e4700000)
  to   space 16384K, 0% used [0x00000000e9900000,0x00000000e9900000,0x00000000ea900000)
 ParOldGen       total 50688K, used 14376K [0x0000000083400000, 0x0000000086580000, 0x00000000d6700000)
  object space 50688K, 28% used [0x0000000083400000,0x000000008420a290,0x0000000086580000)
 Metaspace       used 34963K, capacity 35362K, committed 35456K, reserved 1081344K
  class space    used 4364K, capacity 4473K, committed 4480K, reserved 1048576K
Event: 3.862 GC heap after
Heap after GC invocations=11 (full 2):
 PSYoungGen      total 229376K, used 0K [0x00000000d6700000, 0x00000000ea900000, 0x0000000100000000)
  eden space 216064K, 0% used [0x00000000d6700000,0x00000000d6700000,0x00000000e3a00000)
  from space 13312K, 0% used [0x00000000e3a00000,0x00000000e3a00000,0x00000000e4700000)
  to   space 16384K, 0% used [0x00000000e9900000,0x00000000e9900000,0x00000000ea900000)
 ParOldGen       total 89600K, used 22968K [0x0000000083400000, 0x0000000088b80000, 0x00000000d6700000)
  object space 89600K, 25% used [0x0000000083400000,0x0000000084a6e310,0x0000000088b80000)
 Metaspace       used 34963K, capacity 35362K, committed 35456K, reserved 1081344K
  class space    used 4364K, capacity 4473K, committed 4480K, reserved 1048576K
}

